<?xml version="1.0" encoding="UTF-8"?>
<testng-results ignored="0" total="12" passed="12" failed="0" skipped="0">
  <reporter-output>
  </reporter-output>
  <suite started-at="2023-08-01T18:08:08 IST" name="Suite" finished-at="2023-08-01T18:09:25 IST" duration-ms="77700">
    <groups>
    </groups>
    <test started-at="2023-08-01T18:08:08 IST" name="chrome" finished-at="2023-08-01T18:08:32 IST" duration-ms="24218">
      <class name="com.example.EcommerceTest.FlipkartTestWithChrome">
        <test-method is-config="true" signature="initialize()[pri:0, instance:com.example.EcommerceTest.FlipkartTestWithChrome@2794eab6]" started-at="2023-08-01T18:08:08 IST" name="initialize" finished-at="2023-08-01T18:08:18 IST" duration-ms="9976" status="PASS">
          <reporter-output>
          </reporter-output>
        </test-method> <!-- initialize -->
        <test-method signature="searchAndPageLoadTest()[pri:1, instance:com.example.EcommerceTest.FlipkartTestWithChrome@2794eab6]" started-at="2023-08-01T18:08:18 IST" name="searchAndPageLoadTest" finished-at="2023-08-01T18:08:24 IST" duration-ms="5927" status="PASS">
          <reporter-output>
          </reporter-output>
        </test-method> <!-- searchAndPageLoadTest -->
        <test-method signature="scrollFeatureTest()[pri:2, instance:com.example.EcommerceTest.FlipkartTestWithChrome@2794eab6]" started-at="2023-08-01T18:08:24 IST" name="scrollFeatureTest" finished-at="2023-08-01T18:08:26 IST" duration-ms="2044" status="PASS">
          <reporter-output>
          </reporter-output>
        </test-method> <!-- scrollFeatureTest -->
        <test-method signature="downloadImageAtParticularScrollPosition()[pri:3, instance:com.example.EcommerceTest.FlipkartTestWithChrome@2794eab6]" started-at="2023-08-01T18:08:26 IST" name="downloadImageAtParticularScrollPosition" finished-at="2023-08-01T18:08:29 IST" duration-ms="3147" status="PASS">
          <reporter-output>
          </reporter-output>
        </test-method> <!-- downloadImageAtParticularScrollPosition -->
        <test-method signature="scrollToTheEnd()[pri:4, instance:com.example.EcommerceTest.FlipkartTestWithChrome@2794eab6]" started-at="2023-08-01T18:08:29 IST" name="scrollToTheEnd" finished-at="2023-08-01T18:08:31 IST" duration-ms="2086" status="PASS">
          <reporter-output>
          </reporter-output>
        </test-method> <!-- scrollToTheEnd -->
        <test-method is-config="true" signature="closeDriver()[pri:0, instance:com.example.EcommerceTest.FlipkartTestWithChrome@2794eab6]" started-at="2023-08-01T18:08:31 IST" name="closeDriver" finished-at="2023-08-01T18:08:32 IST" duration-ms="847" status="PASS">
          <reporter-output>
          </reporter-output>
        </test-method> <!-- closeDriver -->
      </class> <!-- com.example.EcommerceTest.FlipkartTestWithChrome -->
    </test> <!-- chrome -->
    <test started-at="2023-08-01T18:08:32 IST" name="firefox" finished-at="2023-08-01T18:09:03 IST" duration-ms="31626">
      <class name="com.example.EcommerceTest.FlipkartTestWithFirefox">
        <test-method is-config="true" signature="initialize()[pri:0, instance:com.example.EcommerceTest.FlipkartTestWithFirefox@1cf6d1be]" started-at="2023-08-01T18:08:32 IST" name="initialize" finished-at="2023-08-01T18:08:48 IST" duration-ms="15855" status="PASS">
          <reporter-output>
          </reporter-output>
        </test-method> <!-- initialize -->
        <test-method signature="searchAndPageLoadTest()[pri:1, instance:com.example.EcommerceTest.FlipkartTestWithFirefox@1cf6d1be]" started-at="2023-08-01T18:08:48 IST" name="searchAndPageLoadTest" finished-at="2023-08-01T18:08:54 IST" duration-ms="5867" status="PASS">
          <reporter-output>
          </reporter-output>
        </test-method> <!-- searchAndPageLoadTest -->
        <test-method signature="scrollFeatureTest()[pri:2, instance:com.example.EcommerceTest.FlipkartTestWithFirefox@1cf6d1be]" started-at="2023-08-01T18:08:54 IST" name="scrollFeatureTest" finished-at="2023-08-01T18:08:56 IST" duration-ms="2034" status="PASS">
          <reporter-output>
          </reporter-output>
        </test-method> <!-- scrollFeatureTest -->
        <test-method signature="downloadImageAtParticularScrollPosition()[pri:3, instance:com.example.EcommerceTest.FlipkartTestWithFirefox@1cf6d1be]" started-at="2023-08-01T18:08:56 IST" name="downloadImageAtParticularScrollPosition" finished-at="2023-08-01T18:08:59 IST" duration-ms="3587" status="PASS">
          <reporter-output>
          </reporter-output>
        </test-method> <!-- downloadImageAtParticularScrollPosition -->
        <test-method signature="scrollToTheEnd()[pri:4, instance:com.example.EcommerceTest.FlipkartTestWithFirefox@1cf6d1be]" started-at="2023-08-01T18:08:59 IST" name="scrollToTheEnd" finished-at="2023-08-01T18:09:01 IST" duration-ms="2054" status="PASS">
          <reporter-output>
          </reporter-output>
        </test-method> <!-- scrollToTheEnd -->
        <test-method is-config="true" signature="closeDriver()[pri:0, instance:com.example.EcommerceTest.FlipkartTestWithFirefox@1cf6d1be]" started-at="2023-08-01T18:09:01 IST" name="closeDriver" finished-at="2023-08-01T18:09:03 IST" duration-ms="2194" status="PASS">
          <reporter-output>
          </reporter-output>
        </test-method> <!-- closeDriver -->
      </class> <!-- com.example.EcommerceTest.FlipkartTestWithFirefox -->
    </test> <!-- firefox -->
    <test started-at="2023-08-01T18:09:03 IST" name="edge" finished-at="2023-08-01T18:09:25 IST" duration-ms="21757">
      <class name="com.example.EcommerceTest.FlipkartTestWIthEdge">
        <test-method is-config="true" signature="initialize()[pri:0, instance:com.example.EcommerceTest.FlipkartTestWIthEdge@5149d738]" started-at="2023-08-01T18:09:03 IST" name="initialize" finished-at="2023-08-01T18:09:12 IST" duration-ms="8838" status="PASS">
          <reporter-output>
          </reporter-output>
        </test-method> <!-- initialize -->
        <test-method signature="searchAndPageLoadTest()[pri:1, instance:com.example.EcommerceTest.FlipkartTestWIthEdge@5149d738]" started-at="2023-08-01T18:09:12 IST" name="searchAndPageLoadTest" finished-at="2023-08-01T18:09:18 IST" duration-ms="6133" status="PASS">
          <reporter-output>
          </reporter-output>
        </test-method> <!-- searchAndPageLoadTest -->
        <test-method signature="scrollFeatureTest()[pri:2, instance:com.example.EcommerceTest.FlipkartTestWIthEdge@5149d738]" started-at="2023-08-01T18:09:18 IST" name="scrollFeatureTest" finished-at="2023-08-01T18:09:20 IST" depends-on-methods="com.example.EcommerceTest.FlipkartTestWIthEdge.searchAndPageLoadTest" duration-ms="2015" status="PASS">
          <reporter-output>
          </reporter-output>
        </test-method> <!-- scrollFeatureTest -->
        <test-method signature="downloadImageAtParticularScrollPosition()[pri:3, instance:com.example.EcommerceTest.FlipkartTestWIthEdge@5149d738]" started-at="2023-08-01T18:09:20 IST" name="downloadImageAtParticularScrollPosition" finished-at="2023-08-01T18:09:23 IST" duration-ms="2356" status="PASS">
          <reporter-output>
          </reporter-output>
        </test-method> <!-- downloadImageAtParticularScrollPosition -->
        <test-method signature="scrollToTheEnd()[pri:4, instance:com.example.EcommerceTest.FlipkartTestWIthEdge@5149d738]" started-at="2023-08-01T18:09:23 IST" name="scrollToTheEnd" finished-at="2023-08-01T18:09:25 IST" duration-ms="2074" status="PASS">
          <reporter-output>
          </reporter-output>
        </test-method> <!-- scrollToTheEnd -->
        <test-method is-config="true" signature="closeDriver()[pri:0, instance:com.example.EcommerceTest.FlipkartTestWIthEdge@5149d738]" started-at="2023-08-01T18:09:25 IST" name="closeDriver" finished-at="2023-08-01T18:09:25 IST" duration-ms="308" status="PASS">
          <reporter-output>
          </reporter-output>
        </test-method> <!-- closeDriver -->
      </class> <!-- com.example.EcommerceTest.FlipkartTestWIthEdge -->
    </test> <!-- edge -->
  </suite> <!-- Suite -->
</testng-results>
