<?xml version="1.0" encoding="UTF-8"?>
<!-- Generated by org.testng.reporters.JUnitXMLReporter -->
<testsuite ignored="0" hostname="DESKTOP-7Q8PBAO" failures="0" tests="4" name="chrome" time="24.218" errors="0" timestamp="2023-08-01T18:08:32 IST">
  <testcase classname="com.example.EcommerceTest.FlipkartTestWithChrome" name="searchAndPageLoadTest" time="5.927"/>
  <testcase classname="com.example.EcommerceTest.FlipkartTestWithChrome" name="scrollFeatureTest" time="2.044"/>
  <testcase classname="com.example.EcommerceTest.FlipkartTestWithChrome" name="downloadImageAtParticularScrollPosition" time="3.147"/>
  <testcase classname="com.example.EcommerceTest.FlipkartTestWithChrome" name="scrollToTheEnd" time="2.086"/>
</testsuite> <!-- chrome -->
