<?xml version="1.0" encoding="UTF-8"?>
<!-- Generated by org.testng.reporters.JUnitXMLReporter -->
<testsuite ignored="0" hostname="DESKTOP-7Q8PBAO" failures="0" tests="4" name="firefox" time="31.626" errors="0" timestamp="2023-08-01T18:09:03 IST">
  <testcase classname="com.example.EcommerceTest.FlipkartTestWithFirefox" name="searchAndPageLoadTest" time="5.867"/>
  <testcase classname="com.example.EcommerceTest.FlipkartTestWithFirefox" name="scrollFeatureTest" time="2.034"/>
  <testcase classname="com.example.EcommerceTest.FlipkartTestWithFirefox" name="downloadImageAtParticularScrollPosition" time="3.587"/>
  <testcase classname="com.example.EcommerceTest.FlipkartTestWithFirefox" name="scrollToTheEnd" time="2.054"/>
</testsuite> <!-- firefox -->
